[hunt] 2026-06-29 09:38:54 START buyer_sales=0 interval=300s
[hunt] 2026-06-29 09:38:54 → account_factory.py
[hunt] 2026-06-29 09:38:54 → platform_retry.py
[hunt] 2026-06-29 09:38:54 → helio_onboard.py
[hunt] 2026-06-29 09:38:54 → seo_content_factory.py
[hunt] 2026-06-29 09:38:54 → build_sitemap.py
[hunt] 2026-06-29 09:38:54 → advertise_other.py
[hunt] 2026-06-29 09:39:16 START buyer_sales=0 interval=300s
[hunt] 2026-06-29 09:39:16 → account_factory.py
[hunt] 2026-06-29 09:39:16 → platform_retry.py
[hunt] 2026-06-29 09:39:16 → seo_content_factory.py
[hunt] 2026-06-29 09:39:16 → build_sitemap.py
[hunt] 2026-06-29 09:39:16 → advertise_other.py
[hunt] 2026-06-29 09:39:33 START buyer_sales=0 interval=300s
[hunt] 2026-06-29 09:39:33 → account_factory.py
[hunt] 2026-06-29 09:39:34 → platform_retry.py
[hunt] 2026-06-29 09:39:34 → seo_content_factory.py
[hunt] 2026-06-29 09:39:34 → build_sitemap.py
[hunt] 2026-06-29 09:39:34 → advertise_other.py
[hunt] 2026-06-29 09:39:51 START buyer_sales=0 interval=300s
[hunt] 2026-06-29 09:39:51 → account_factory.py
[hunt] 2026-06-29 09:39:51 → platform_retry.py
[hunt] 2026-06-29 09:39:51 → seo_content_factory.py
[hunt] 2026-06-29 09:39:51 → build_sitemap.py
[hunt] 2026-06-29 09:39:52 → advertise_other.py
[hunt] 2026-06-29 09:40:01 START buyer_sales=0 interval=300s
[hunt] 2026-06-29 09:40:01 START buyer_sales=0 interval=300s
[hunt] 2026-06-29 09:40:01 → account_factory.py
[hunt] 2026-06-29 09:40:01 → account_factory.py
[hunt] 2026-06-29 09:40:01 → platform_retry.py
[hunt] 2026-06-29 09:40:01 → platform_retry.py
[platform] skip helio — backoff
[platform] skip reddit — backoff
[platform] skip gumroad — backoff
[hunt] 2026-06-29 09:40:01 → seo_content_factory.py
[hunt] 2026-06-29 09:40:01 → seo_content_factory.py
No new SEO pages (all published)
[hunt] 2026-06-29 09:40:01 → build_sitemap.py
[hunt] 2026-06-29 09:40:01 → build_sitemap.py
Wrote /root/agent-programs/passive-income-agent-program/site/sitemap.xml with base https://leopreciadov-bit.github.io/seller-tools
[hunt] 2026-06-29 09:40:01 → advertise_other.py
[hunt] 2026-06-29 09:40:01 → advertise_other.py
[ads] === Advertise other channels ===
[ads] google_sitemap: 404
[ads] bing_sitemap: 410
[ads] pingomatic: 200
[ads] indexnow: 200
[ads] bing: 200
[ads] yandex: 202
[ads] seznam: 200
[ads] naver: 200
[ads] telegraph: https://telegra.ph/Etsy-13-tag-generator-free-06-29-11
[ads] telegraph: https://telegra.ph/Shopify-listing-generator-06-29-11
[ads] telegraph: https://telegra.ph/Etsy-tag-SEO-guide-06-29-11
[ads] telegraph: https://telegra.ph/Listing-description-template-06-29-11
[ads] telegraph: https://telegra.ph/Shopify-product-SEO-guide-06-29-11
[ads] telegraph: https://telegra.ph/Free-Etsy-listing-generator-06-29-11
[ads] telegraph: https://telegra.ph/Best-free-Etsy-SEO-tools-06-29-11
[ads] rentry_master: https://rentry.co/9g9t6tfm
[ads] rentry: https://rentry.co/33tu6m68
[ads] rentry: https://rentry.co/qo3k2dmr
[ads] rentry: https://rentry.co/i4svbogv
[ads] rentry: https://rentry.co/vs7dqtxf
[ads] dpaste: 201
[ads] controlc: 400
[ads] gist_social: https://gist.github.com/leopreciadov-bit/4ea9b6f489838979bf3af44a15174ab4
[ads] gist: https://gist.github.com/leopreciadov-bit/ee4d45a42bee697171f45c62761d4620
[ads] gist: https://gist.github.com/leopreciadov-bit/9b5995e1a0e60ded7f009a3252cea3e9
[ads] gist: https://gist.github.com/leopreciadov-bit/7d6d158edab039b7e5a78127b7d39ccf
[ads] github_discussion: https://github.com/leopreciadov-bit/seller-tools/discussions/53
[ads] github_discussion: https://github.com/leopreciadov-bit/seller-tools/discussions/54
[ads] github_discussion: https://github.com/leopreciadov-bit/seller-tools/discussions/55
[ads] github_issue_comment: ok
[ads] wayback: 200
[ads] wayback: error
[ads] wayback: 200
[ads] wayback: error
[hunt] 2026-06-29 09:42:32 → promote_autopilot.py
[hunt] 2026-06-29 09:42:34 → reddit_publish.py
[ads] wayback: 200
[hunt] 2026-06-29 09:42:43 → gumroad_launch.py
[hunt] 2026-06-29 09:42:43 → check_sales.py
[hunt] 2026-06-29 09:43:08 → promote_autopilot.py
[hunt] 2026-06-29 09:43:10 → reddit_publish.py
[hunt] 2026-06-29 09:43:19 → gumroad_launch.py
[hunt] 2026-06-29 09:43:19 → check_sales.py
[ads] wayback: error
[ads] wayback: 200
[ads] wayback: 200
[ads] github_wiki: error
[ads] bluesky: 400
[ads] hashnode: 404
[ads] slashdot: 200
[ads] === Done ===
[hunt] 2026-06-29 09:43:34 → promote_autopilot.py
[hunt] 2026-06-29 09:43:34 → promote_autopilot.py
[promote] Promoting https://leopreciadov-bit.github.io/seller-tools
[promote] Google sitemap: HTTP 404
[promote] Bing sitemap: HTTP 410
[promote] IndexNow: HTTP 200
[promote] Bing IndexNow: HTTP 200
[promote] Yandex IndexNow: HTTP 200
[promote] Reddit already attempted — skip
[promote] Dev.to already attempted — skip
[promote] Done — see pipeline/promote-state.json
[hunt] 2026-06-29 09:43:36 → reddit_publish.py
[hunt] 2026-06-29 09:43:36 → reddit_publish.py
[promote] Promoting https://leopreciadov-bit.github.io/seller-tools
[promote] Google sitemap: HTTP 404
[promote] Bing sitemap: HTTP 410
[promote] IndexNow: HTTP 200
[promote] Bing IndexNow: HTTP 200
[promote] Yandex IndexNow: HTTP 202
[promote] Reddit already attempted — skip
[promote] Dev.to already attempted — skip
[promote] Done — see pipeline/promote-state.json
Telegraph r/Etsy: https://telegra.ph/I-built-two-free-tools-for-Etsy-sellers-listing-generator--13-tag-SEO-helper-rEtsy-06-29-8
Gist r/Etsy: https://gist.github.com/leopreciadov-bit/c644dbe518578c77e4bd45e0ccf44dc9
Telegraph r/shopify: https://telegra.ph/Free-Shopify-product-listing-generator-titles-bullets-SEO-descriptions-rshopify-06-29-8
Gist r/shopify: https://gist.github.com/leopreciadov-bit/a87089e610d83f0fbe7756f33e1bf782
Telegraph r/SideProject: https://telegra.ph/Side-project-free-EtsyShopify-listing-tools-browser-only-no-backend-rSideProject-06-29-8
Gist r/SideProject: https://gist.github.com/leopreciadov-bit/9bc48b7fa1d36ff4dc14f36c7ac6461d
Telegraph r/InternetIsBeautiful: https://telegra.ph/Website-Two-free-tools-that-write-your-Etsy-listings-and-13-SEO-tags-for-you-rInternetIsBeautiful-06-29-8
Gist r/InternetIsBeautiful: https://gist.github.com/leopreciadov-bit/d117643c1b75edeb9e0f271c6b1a20d8
Reddit blocked (CAPTCHA). Content mirrored to Telegraph + Gists + search pings.
[hunt] 2026-06-29 09:43:46 → gumroad_launch.py
[hunt] 2026-06-29 09:43:46 → gumroad_launch.py
✓ ListingLab Pro — Unlimited Listing Generator: 50 keys → listinglab-pro-keys.txt
✓ Etsy Tag Finder Pro — 13 Perfect SEO Tags: 50 keys → etsy-tag-finder-pro-keys.txt
✓ Seller Kit — ListingLab Pro + Etsy Tag Finder Pro: 50 keys → seller-kit-bundle-keys.txt

Upload files ready in gumroad/upload/
Wrote site/assets/gumroad.js

No GUMROAD_ACCESS_TOKEN — manual create (see gumroad/COPY_PASTE_EVERYTHING.md)

Next: Gumroad → New Product → Digital → Content → License keys → upload txt from gumroad/upload/
[hunt] 2026-06-29 09:43:46 → check_sales.py
[hunt] 2026-06-29 09:43:46 → check_sales.py
[hunt] 2026-06-29 09:44:57 START buyer_sales=0 interval=300s
[hunt] 2026-06-29 09:44:57 START buyer_sales=0 interval=300s
[hunt] 2026-06-29 09:44:57 another sale_hunt instance running — exit
[hunt] 2026-06-29 09:44:57 another sale_hunt instance running — exit
[hunt] 2026-06-29 09:45:01 START buyer_sales=0 interval=300s
[hunt] 2026-06-29 09:45:01 START buyer_sales=0 interval=300s
[hunt] 2026-06-29 09:45:01 another sale_hunt instance running — exit
[hunt] 2026-06-29 09:45:01 another sale_hunt instance running — exit
[hunt] 2026-06-29 09:45:02 START buyer_sales=0 interval=300s
[hunt] 2026-06-29 09:45:02 START buyer_sales=0 interval=300s
[hunt] 2026-06-29 09:45:02 another sale_hunt instance running — exit
[hunt] 2026-06-29 09:45:02 another sale_hunt instance running — exit

=== Wallet report: BaZNTHB9…mYdPxH ===

BUYER SALES:     0  ($0.00 direct sends)

YOUR TRADES:     12  (Drift/DeFi — not sales)
  · in $0.00 out $0.00  2026-06-28 04:55 UTC  35AaucQavGnA9CpYQDwr…
  · in $0.00 out $0.00  2026-06-28 01:04 UTC  4jHksmRaKRNrnQ3PGpbf…
  · in $0.00 out $0.00  2026-06-28 00:40 UTC  2RJvrUuBuNXu7CrVzr3L…
  · in $0.00 out $0.00  2026-06-28 00:40 UTC  3UzCAzUmPaJMnWLDnYce…
  · in $0.00 out $0.00  2026-06-28 00:10 UTC  4epjMHHZzpSTKwzMPLMc…
  · in $0.00 out $0.00  2026-06-27 13:54 UTC  2NJgmXg4ppmCxAEUn6ro…
  · in $0.00 out $0.00  2026-06-27 13:40 UTC  Zu1xwTjCY6z75Pi7dWFY…
  · in $0.00 out $0.00  2026-06-27 12:30 UTC  gVEAp4XbVMfXDG1Vzq2r…
  … and 4 more

YOUR SWEEPS:     8  ($197.41 sent out)
  - $79.77 USDC  2026-06-28 05:31 UTC  21Z7rBmhL1vp2jXjhEaZ…
  - $19.87 USDC  2026-06-28 01:05 UTC  3JZeYNMbHWJ1zsp2Mas8…
  - $11.60 USDC  2026-06-28 01:03 UTC  3Eb5UA6LcrfLuEwC4AAQ…
  - $10.00 USDC  2026-06-28 01:02 UTC  2VJH8PgZGUphEdaFk6Rk…
  - $10.00 USDC  2026-06-28 01:01 UTC  5AisKQx7EdiRnpSxwciG…
  - $35.58 USDC  2026-06-27 13:47 UTC  5YENZDfegccVYpzkjb6X…
  - $20.71 USDC  2026-06-27 12:04 UTC  2GwQX2yJhnnShm9fNg8S…
  - $9.88 USDC  2026-06-27 11:55 UTC  3XbS3QeyVf7ozxYyKZLp…

Wallet: BaZNTHB9DNBAq69WH2hv272LcYLJRiksBFfyKKmYdPxH
Successful txs (last 100): 97
Failed txs: 3
Confirmed sales: 0
Revenue (confirmed): $0.00
  (self-transfer $78.51 — excluded)

--- Your trades vs buyer sales ---
[hunt] 2026-06-29 09:47:10 START buyer_sales=0 interval=300s
[hunt] 2026-06-29 09:47:10 START buyer_sales=0 interval=300s
[hunt] 2026-06-29 09:47:10 → account_factory.py
[hunt] 2026-06-29 09:47:10 → account_factory.py
[hunt] 2026-06-29 09:47:10 → platform_retry.py
[hunt] 2026-06-29 09:47:10 → platform_retry.py
[platform] skip helio — backoff
[platform] skip reddit — backoff
[platform] skip gumroad — backoff
[hunt] 2026-06-29 09:47:10 → seo_content_factory.py
[hunt] 2026-06-29 09:47:10 → seo_content_factory.py
Published site/guides/marmalead-alternative-free.html
Published site/guides/erank-alternative-free.html
Published site/guides/alura-etsy-alternative.html
Published site/guides/etsy-hunt-alternative.html
Published site/guides/vela-etsy-alternative.html
[hunt] 2026-06-29 09:47:10 → sales_channels.py
[hunt] 2026-06-29 09:47:10 → sales_channels.py
[channels] === Sales channels ===
[channels] comparison_page: all_published
[channels] pingomatic_rss: 200
[channels] feedburner_ping: 404
[channels] rentry_deals: 200
[channels] paste_rs: 0
[channels] bpaste: 200
[channels] 0x0_st: 0
[channels] paste_ee: 401
[channels] github_repo: ok
[channels] github_release: ok
[channels] indiehackers: 200
[channels] curlie_search: 200
[channels] startpage: 200
[channels] === Done ===
[hunt] 2026-06-29 09:47:16 → build_sitemap.py
[hunt] 2026-06-29 09:47:16 → build_sitemap.py
Wrote /root/agent-programs/passive-income-agent-program/site/sitemap.xml (41 URLs), /root/agent-programs/passive-income-agent-program/site/feed.xml, updated IndexNow
[hunt] 2026-06-29 09:47:17 → advertise_other.py
[hunt] 2026-06-29 09:47:17 → advertise_other.py
[ads] === Advertise other channels ===
[ads] google_sitemap: 404
[ads] bing_sitemap: 410
[ads] pingomatic: 200
[ads] indexnow: 200
[ads] bing: 200
[ads] yandex: 200
[ads] seznam: 200
[ads] naver: 200
[ads] telegraph: https://telegra.ph/Pro-lifetime-deals-14-29-06-29
[ads] telegraph: https://telegra.ph/Etsy-13-tag-generator-free-06-29-12
[ads] telegraph: https://telegra.ph/Shopify-listing-generator-06-29-12
[ads] telegraph: https://telegra.ph/Etsy-tag-SEO-guide-06-29-12
[ads] telegraph: https://telegra.ph/Listing-description-template-06-29-12
[ads] telegraph: https://telegra.ph/Shopify-product-SEO-guide-06-29-12
[ads] telegraph: https://telegra.ph/Free-Etsy-listing-generator-06-29-12
[ads] telegraph: https://telegra.ph/Best-free-Etsy-SEO-tools-06-29-12
[ads] rentry_master: https://rentry.co/de69dfz7
[ads] rentry: https://rentry.co/p5pfx3g5
[ads] rentry: https://rentry.co/c2zfe9x7
[ads] rentry: https://rentry.co/w7g7akk6
[ads] rentry: https://rentry.co/ix3xenkc
[ads] dpaste: 201
[ads] controlc: 400
[ads] gist_social: https://gist.github.com/leopreciadov-bit/c612ac7a34c9878c6727a0daf889eb76
[ads] gist: https://gist.github.com/leopreciadov-bit/ce944b54487ab39e191ba6015635ecdb
[ads] gist: https://gist.github.com/leopreciadov-bit/35eb14cb9da60e80fc3315367881cbdf
[ads] gist: https://gist.github.com/leopreciadov-bit/054e2be9adfac40862059b73a2faf7a6
[ads] github_discussion: https://github.com/leopreciadov-bit/seller-tools/discussions/56
[ads] github_discussion: https://github.com/leopreciadov-bit/seller-tools/discussions/57
[ads] github_discussion: https://github.com/leopreciadov-bit/seller-tools/discussions/58
[ads] github_issue_comment: ok
[ads] wayback: 200
[ads] wayback: 200
[ads] wayback: 200
[ads] wayback: 200
[ads] wayback: 200
[ads] wayback: 200
[ads] wayback: 200
[ads] wayback: 200
[ads] github_wiki: error
[ads] bluesky: 400
[ads] hashnode: 404
[ads] slashdot: 200
[ads] === Done ===
[hunt] 2026-06-29 09:48:46 → promote_autopilot.py
[hunt] 2026-06-29 09:48:46 → promote_autopilot.py
[promote] Promoting https://leopreciadov-bit.github.io/seller-tools
[promote] Google sitemap: HTTP 404
[promote] Bing sitemap: HTTP 410
[promote] IndexNow: HTTP 200
[promote] Bing IndexNow: HTTP 200
[promote] Yandex IndexNow: HTTP 200
[promote] Reddit already attempted — skip
[promote] Dev.to already attempted — skip
[promote] Done — see pipeline/promote-state.json
[hunt] 2026-06-29 09:48:48 → reddit_publish.py
[hunt] 2026-06-29 09:48:48 → reddit_publish.py
Telegraph r/Etsy: https://telegra.ph/I-built-two-free-tools-for-Etsy-sellers-listing-generator--13-tag-SEO-helper-rEtsy-06-29-9
Gist r/Etsy: https://gist.github.com/leopreciadov-bit/db6ffd3b73a1e173aa3c526198170682
Telegraph r/shopify: https://telegra.ph/Free-Shopify-product-listing-generator-titles-bullets-SEO-descriptions-rshopify-06-29-9
Gist r/shopify: https://gist.github.com/leopreciadov-bit/dc9dc9cfa7e1c1ff8872ebfd8e1f6ecc
Telegraph r/SideProject: https://telegra.ph/Side-project-free-EtsyShopify-listing-tools-browser-only-no-backend-rSideProject-06-29-9
Gist r/SideProject: https://gist.github.com/leopreciadov-bit/caf0a0af7d30bbe747b3b850bafd31e6
Telegraph r/InternetIsBeautiful: https://telegra.ph/Website-Two-free-tools-that-write-your-Etsy-listings-and-13-SEO-tags-for-you-rInternetIsBeautiful-06-29-9
Gist r/InternetIsBeautiful: https://gist.github.com/leopreciadov-bit/0d2762d78f5048f3357212ea4eb75c1e
[promote] Promoting https://leopreciadov-bit.github.io/seller-tools
[promote] Google sitemap: HTTP 404
[promote] Bing sitemap: HTTP 410
[promote] IndexNow: HTTP 200
[promote] Bing IndexNow: HTTP 200
[promote] Yandex IndexNow: HTTP 200
[promote] Reddit already attempted — skip
[promote] Dev.to already attempted — skip
[promote] Done — see pipeline/promote-state.json
Reddit blocked (CAPTCHA). Content mirrored to Telegraph + Gists + search pings.
[hunt] 2026-06-29 09:48:58 → gumroad_launch.py
[hunt] 2026-06-29 09:48:58 → gumroad_launch.py
✓ ListingLab Pro — Unlimited Listing Generator: 50 keys → listinglab-pro-keys.txt
✓ Etsy Tag Finder Pro — 13 Perfect SEO Tags: 50 keys → etsy-tag-finder-pro-keys.txt
✓ Seller Kit — ListingLab Pro + Etsy Tag Finder Pro: 50 keys → seller-kit-bundle-keys.txt

Upload files ready in gumroad/upload/
Wrote site/assets/gumroad.js

No GUMROAD_ACCESS_TOKEN — manual create (see gumroad/COPY_PASTE_EVERYTHING.md)

Next: Gumroad → New Product → Digital → Content → License keys → upload txt from gumroad/upload/
[hunt] 2026-06-29 09:48:58 → check_sales.py
[hunt] 2026-06-29 09:48:58 → check_sales.py
Wallet: BaZNTHB9DNBAq69WH2hv272LcYLJRiksBFfyKKmYdPxH
Successful txs (last 100): 97
Failed txs: 3
Confirmed sales: 0
Revenue (confirmed): $0.00
  (self-transfer $78.51 — excluded)

--- Your trades vs buyer sales ---

=== Wallet report: BaZNTHB9…mYdPxH ===

BUYER SALES:     0  ($0.00 direct sends)

YOUR TRADES:     2  (Drift/DeFi — not sales)
  · in $0.00 out $0.00  2026-06-28 04:55 UTC  35AaucQavGnA9CpYQDwr…
  · in $0.00 out $0.00  2026-06-28 01:04 UTC  4jHksmRaKRNrnQ3PGpbf…

YOUR SWEEPS:     3  ($111.24 sent out)
  - $79.77 USDC  2026-06-28 05:31 UTC  21Z7rBmhL1vp2jXjhEaZ…
  - $19.87 USDC  2026-06-28 01:05 UTC  3JZeYNMbHWJ1zsp2Mas8…
  - $11.60 USDC  2026-06-28 01:03 UTC  3Eb5UA6LcrfLuEwC4AAQ…

[hunt] 2026-06-29 09:50:41 → support_mail.py
[hunt] 2026-06-29 09:50:41 → support_mail.py
[support] Inbox: seller0ohqeu@web-library.net
[support] Checked 30 messages — 0 new buyer ticket(s)
[support] No buyer emails yet. Support inbox ready at seller0ohqeu@web-library.net
[hunt] 2026-06-29 09:50:42 → wallet_report.py
[hunt] 2026-06-29 09:50:42 → wallet_report.py

=== Wallet report: BaZNTHB9…mYdPxH ===

BUYER SALES:     0  ($0.00 direct sends)

YOUR TRADES:     0  (Drift/DeFi — not sales)

YOUR SWEEPS:     0  ($0.00 sent out)

[hunt] 2026-06-29 09:51:00 zero buyer sales — double promotion
[hunt] 2026-06-29 09:51:00 zero buyer sales — double promotion
[hunt] 2026-06-29 09:51:00 → advertise_other.py
[hunt] 2026-06-29 09:51:00 → advertise_other.py
[ads] === Advertise other channels ===
[ads] google_sitemap: 404
[ads] bing_sitemap: 410
[ads] pingomatic: 200
[ads] indexnow: 200
[ads] bing: 200
[ads] yandex: 200
[ads] seznam: 200
[ads] naver: 200
[ads] telegraph: https://telegra.ph/Pro-lifetime-deals-14-29-06-29-2
[ads] telegraph: https://telegra.ph/Etsy-13-tag-generator-free-06-29-13
[ads] telegraph: https://telegra.ph/Shopify-listing-generator-06-29-13
[ads] telegraph: https://telegra.ph/Etsy-tag-SEO-guide-06-29-13
[ads] telegraph: https://telegra.ph/Listing-description-template-06-29-13
[ads] telegraph: https://telegra.ph/Shopify-product-SEO-guide-06-29-13
[ads] telegraph: https://telegra.ph/Free-Etsy-listing-generator-06-29-13
[ads] telegraph: https://telegra.ph/Best-free-Etsy-SEO-tools-06-29-13
[ads] rentry_master: https://rentry.co/ty6b3e89
[ads] rentry: https://rentry.co/5tytsw26
[ads] rentry: https://rentry.co/bx8bdy7b
[ads] rentry: https://rentry.co/pse43y9q
[ads] rentry: https://rentry.co/ghmcxrbz
[ads] dpaste: 201
[ads] controlc: 400
[ads] gist_social: https://gist.github.com/leopreciadov-bit/6097f1ba26f7807bd6ea6f00af7d1c60
[ads] gist: https://gist.github.com/leopreciadov-bit/f49f5a8feb25730c2cf80be7ee51eb21
[ads] gist: https://gist.github.com/leopreciadov-bit/a056639a9ec7cfef5cd730c52e53c390
[ads] gist: https://gist.github.com/leopreciadov-bit/1e6a3115030a3b0017e639af67165aa6
[ads] github_discussion: https://github.com/leopreciadov-bit/seller-tools/discussions/59
[ads] github_discussion: https://github.com/leopreciadov-bit/seller-tools/discussions/60
[ads] github_discussion: https://github.com/leopreciadov-bit/seller-tools/discussions/61
[ads] github_issue_comment: ok
[ads] wayback: 200
[ads] wayback: 200
[ads] wayback: 200
[ads] wayback: 200
[ads] wayback: 200
[ads] wayback: 200
[ads] wayback: 200
[ads] wayback: 200
[ads] github_wiki: error
[ads] bluesky: 400
[ads] hashnode: 404
[ads] slashdot: 200
[ads] === Done ===
[hunt] 2026-06-29 09:52:25 → sales_channels.py
[hunt] 2026-06-29 09:52:25 → sales_channels.py
[channels] === Sales channels ===
[channels] comparison_page: all_published
[channels] pingomatic_rss: 200
[channels] feedburner_ping: 404
[channels] rentry_deals: 200
[channels] paste_rs: 0
[channels] bpaste: 200
[channels] 0x0_st: 0
[channels] paste_ee: 401
[channels] github_repo: ok
[channels] github_release: ok
[channels] indiehackers: 200
[channels] curlie_search: 200
[channels] startpage: 200
[channels] === Done ===
[hunt] 2026-06-29 09:52:31 → seo_content_factory.py
[hunt] 2026-06-29 09:52:31 → seo_content_factory.py
Published site/guides/free-etsy-seo-tool-vs-paid.html
Published site/guides/best-etsy-tag-generator-2026.html
Published site/guides/etsy-listing-generator-comparison.html
Published site/guides/shopify-listing-tool-free.html
Published site/guides/print-on-demand-seo-tool.html
[hunt] 2026-06-29 09:52:31 → promote_autopilot.py
[hunt] 2026-06-29 09:52:31 → promote_autopilot.py
[promote] Promoting https://leopreciadov-bit.github.io/seller-tools
[promote] Google sitemap: HTTP 404
[promote] Bing sitemap: HTTP 410
[promote] IndexNow: HTTP 200
[promote] Bing IndexNow: HTTP 200
[promote] Yandex IndexNow: HTTP 200
[promote] Reddit already attempted — skip
[promote] Dev.to already attempted — skip
[promote] Done — see pipeline/promote-state.json
[hunt] 2026-06-29 09:52:33 → resubmit_indexnow.py
[hunt] 2026-06-29 09:52:33 → resubmit_indexnow.py
IndexNow 200
Built site/assets/crypto.js
Payout: BaZNTHB9DNBAq69WH2hv272LcYLJRiksBFfyKKmYdPxH (4 payment methods)
Wrote /root/agent-programs/passive-income-agent-program/site/sitemap.xml (41 URLs), /root/agent-programs/passive-income-agent-program/site/feed.xml, updated IndexNow
The following paths are ignored by one of your .gitignore files:
.venv
hint: Use -f if you really want to add them.
hint: Turn this message off by running
hint: "git config advice.addIgnoredFile false"
To https://github.com/leopreciadov-bit/seller-tools.git
   4514f32..3f72648  main -> main
[hunt] 2026-06-29 09:52:35 cycle 1 done — buyer_sales=0
[hunt] 2026-06-29 09:52:35 cycle 1 done — buyer_sales=0
[hunt] 2026-06-29 09:57:35 → account_factory.py
[hunt] 2026-06-29 09:57:35 → account_factory.py
[hunt] 2026-06-29 09:57:35 → platform_retry.py
[hunt] 2026-06-29 09:57:35 → platform_retry.py
[platform] skip helio — backoff
[platform] skip reddit — backoff
[platform] skip gumroad — backoff
[hunt] 2026-06-29 09:57:35 → seo_content_factory.py
[hunt] 2026-06-29 09:57:35 → seo_content_factory.py
No new SEO pages (all published)
[hunt] 2026-06-29 09:57:35 → sales_channels.py
[hunt] 2026-06-29 09:57:35 → sales_channels.py
[channels] === Sales channels ===
[channels] comparison_page: all_published
[channels] pingomatic_rss: 200
[channels] feedburner_ping: 404
[channels] rentry_deals: 200
[channels] paste_rs: 0
[channels] bpaste: 200
[channels] 0x0_st: 0
[channels] paste_ee: 401
[channels] github_repo: ok
[channels] github_release: ok
[channels] indiehackers: 200
[channels] curlie_search: 200
[channels] startpage: 200
[channels] === Done ===
[hunt] 2026-06-29 09:57:42 → build_sitemap.py
[hunt] 2026-06-29 09:57:42 → build_sitemap.py
Wrote /root/agent-programs/passive-income-agent-program/site/sitemap.xml (41 URLs), /root/agent-programs/passive-income-agent-program/site/feed.xml, updated IndexNow
[hunt] 2026-06-29 09:57:42 → advertise_other.py
[hunt] 2026-06-29 09:57:42 → advertise_other.py
[ads] === Advertise other channels ===
[ads] google_sitemap: 404
[ads] bing_sitemap: 410
[ads] pingomatic: 200
[ads] indexnow: 200
[ads] bing: 200
[ads] yandex: 200
[ads] seznam: 200
[ads] naver: 200
[ads] telegraph: https://telegra.ph/Pro-lifetime-deals-14-29-06-29-3
[ads] telegraph: https://telegra.ph/Etsy-13-tag-generator-free-06-29-14
[ads] telegraph: https://telegra.ph/Shopify-listing-generator-06-29-14
[ads] telegraph: https://telegra.ph/Etsy-tag-SEO-guide-06-29-14
[ads] rentry_master: https://rentry.co/pukn44e8
[ads] rentry: https://rentry.co/5stnveft
[ads] rentry: https://rentry.co/3cgepxqe
[ads] rentry: https://rentry.co/bevqcfos
[ads] rentry: https://rentry.co/2u2z4oyf
[ads] dpaste: 201
[ads] controlc: 400
[ads] gist_social: https://gist.github.com/leopreciadov-bit/be82aa1a0b575341e06dc68523b5b6d5
[ads] gist: https://gist.github.com/leopreciadov-bit/97c9d196abf01c750bb16698fc3ac6b8
[ads] gist: https://gist.github.com/leopreciadov-bit/8e8f719ca0ac4a5f719d947c1dc78aef
[ads] gist: https://gist.github.com/leopreciadov-bit/aaf7f5029ef80b4bb7709e5912f0d512
[ads] github_discussion: https://github.com/leopreciadov-bit/seller-tools/discussions/62
[ads] github_discussion: https://github.com/leopreciadov-bit/seller-tools/discussions/63
[ads] github_discussion: https://github.com/leopreciadov-bit/seller-tools/discussions/64
[ads] github_issue_comment: ok
[ads] wayback: error
[ads] wayback: error
[ads] wayback: 200
[ads] wayback: error
[ads] wayback: error
[ads] wayback: 200
[ads] wayback: 200
[ads] wayback: 200
[ads] github_wiki: error
[ads] bluesky: 400
[ads] hashnode: 404
[ads] slashdot: 200
[ads] === Done ===
[hunt] 2026-06-29 10:00:32 → promote_autopilot.py
[hunt] 2026-06-29 10:00:32 → promote_autopilot.py
[promote] Promoting https://leopreciadov-bit.github.io/seller-tools
[promote] Google sitemap: HTTP 404
[promote] Bing sitemap: HTTP 410
[promote] IndexNow: HTTP 200
[promote] Bing IndexNow: HTTP 200
[promote] Yandex IndexNow: HTTP 200
[promote] Reddit already attempted — skip
[promote] Dev.to already attempted — skip
[promote] Done — see pipeline/promote-state.json
[hunt] 2026-06-29 10:00:34 → reddit_publish.py
[hunt] 2026-06-29 10:00:34 → reddit_publish.py
Gist r/Etsy: https://gist.github.com/leopreciadov-bit/7d33d40b3bcc667df41be4251c84ed61
Gist r/shopify: https://gist.github.com/leopreciadov-bit/ae54d22b8aeb5e010f057c493a09720e
Gist r/SideProject: https://gist.github.com/leopreciadov-bit/14687ace511c3b881fe0077f628a4a67
Gist r/InternetIsBeautiful: https://gist.github.com/leopreciadov-bit/be2a743486d40ce36d39b61e83ac1e62
[promote] Promoting https://leopreciadov-bit.github.io/seller-tools
[promote] Google sitemap: HTTP 404
[promote] Bing sitemap: HTTP 410
[promote] IndexNow: HTTP 200
[promote] Bing IndexNow: HTTP 200
[promote] Yandex IndexNow: HTTP 200
[promote] Reddit already attempted — skip
[promote] Dev.to already attempted — skip
[promote] Done — see pipeline/promote-state.json
Reddit blocked (CAPTCHA). Content mirrored to Telegraph + Gists + search pings.
[hunt] 2026-06-29 10:00:43 → gumroad_launch.py
[hunt] 2026-06-29 10:00:43 → gumroad_launch.py
✓ ListingLab Pro — Unlimited Listing Generator: 50 keys → listinglab-pro-keys.txt
✓ Etsy Tag Finder Pro — 13 Perfect SEO Tags: 50 keys → etsy-tag-finder-pro-keys.txt
✓ Seller Kit — ListingLab Pro + Etsy Tag Finder Pro: 50 keys → seller-kit-bundle-keys.txt

Upload files ready in gumroad/upload/
Wrote site/assets/gumroad.js

No GUMROAD_ACCESS_TOKEN — manual create (see gumroad/COPY_PASTE_EVERYTHING.md)

Next: Gumroad → New Product → Digital → Content → License keys → upload txt from gumroad/upload/
[hunt] 2026-06-29 10:00:43 → check_sales.py
[hunt] 2026-06-29 10:00:43 → check_sales.py
Wallet: BaZNTHB9DNBAq69WH2hv272LcYLJRiksBFfyKKmYdPxH
Successful txs (last 100): 97
Failed txs: 3
Confirmed sales: 0
Revenue (confirmed): $0.00
  (self-transfer $78.51 — excluded)

--- Your trades vs buyer sales ---

=== Wallet report: BaZNTHB9…mYdPxH ===

BUYER SALES:     0  ($0.00 direct sends)

YOUR TRADES:     2  (Drift/DeFi — not sales)
  · in $0.00 out $0.00  2026-06-28 04:55 UTC  35AaucQavGnA9CpYQDwr…
  · in $0.00 out $0.00  2026-06-28 01:04 UTC  4jHksmRaKRNrnQ3PGpbf…

YOUR SWEEPS:     4  ($121.24 sent out)
  - $79.77 USDC  2026-06-28 05:31 UTC  21Z7rBmhL1vp2jXjhEaZ…
  - $19.87 USDC  2026-06-28 01:05 UTC  3JZeYNMbHWJ1zsp2Mas8…
  - $11.60 USDC  2026-06-28 01:03 UTC  3Eb5UA6LcrfLuEwC4AAQ…
  - $10.00 USDC  2026-06-28 01:02 UTC  2VJH8PgZGUphEdaFk6Rk…

[hunt] 2026-06-29 10:03:04 → support_mail.py
[hunt] 2026-06-29 10:03:04 → support_mail.py
[support] Inbox: seller0ohqeu@web-library.net
[support] Checked 30 messages — 0 new buyer ticket(s)
[support] No buyer emails yet. Support inbox ready at seller0ohqeu@web-library.net
[hunt] 2026-06-29 10:03:06 → wallet_report.py
[hunt] 2026-06-29 10:03:06 → wallet_report.py

=== Wallet report: BaZNTHB9…mYdPxH ===

BUYER SALES:     0  ($0.00 direct sends)

YOUR TRADES:     0  (Drift/DeFi — not sales)

YOUR SWEEPS:     0  ($0.00 sent out)

[hunt] 2026-06-29 10:03:25 zero buyer sales — double promotion
[hunt] 2026-06-29 10:03:25 zero buyer sales — double promotion
[hunt] 2026-06-29 10:03:25 → advertise_other.py
[hunt] 2026-06-29 10:03:25 → advertise_other.py
[ads] === Advertise other channels ===
[ads] google_sitemap: 404
[ads] bing_sitemap: 410
[ads] pingomatic: 200
[ads] indexnow: 200
[ads] bing: 200
[ads] yandex: 200
[ads] seznam: 200
[ads] naver: 200
[ads] rentry_master: https://rentry.co/463bnzvg
[ads] rentry: https://rentry.co/3kpd3mxo
[ads] rentry: https://rentry.co/2g8idt78
[ads] rentry: https://rentry.co/29gh9bos
[ads] rentry: https://rentry.co/8uwdnnmg
[ads] dpaste: 201
[ads] controlc: 400
[ads] gist_social: https://gist.github.com/leopreciadov-bit/0490a6ca8e50cf54e2de388be5bec807
[ads] gist: https://gist.github.com/leopreciadov-bit/39e1d99ee8318fa1b83e3d013a326a66
[ads] gist: https://gist.github.com/leopreciadov-bit/8cb10d8a1e572e592e704d6dde65dc70
[ads] gist: https://gist.github.com/leopreciadov-bit/78037721dc9122023a1c0cbd8816b646
[ads] github_discussion: https://github.com/leopreciadov-bit/seller-tools/discussions/65
[ads] github_discussion: https://github.com/leopreciadov-bit/seller-tools/discussions/66
[ads] github_discussion: https://github.com/leopreciadov-bit/seller-tools/discussions/67
[ads] github_issue_comment: ok
[ads] wayback: error
[ads] wayback: error
[ads] wayback: 200
[ads] wayback: error
[ads] wayback: error
[ads] wayback: 200
[ads] wayback: 200
[ads] wayback: 200
[ads] github_wiki: error
[ads] bluesky: 400
[ads] hashnode: 404
[ads] slashdot: 200
[ads] === Done ===
[hunt] 2026-06-29 10:06:17 → sales_channels.py
[hunt] 2026-06-29 10:06:17 → sales_channels.py
[channels] === Sales channels ===
[channels] comparison_page: all_published
[channels] pingomatic_rss: 200
[channels] feedburner_ping: 404
[channels] rentry_deals: 200
[channels] paste_rs: 0
[channels] bpaste: 200
[channels] 0x0_st: 0
[channels] paste_ee: 401
[channels] github_repo: ok
[channels] github_release: ok
[channels] indiehackers: 200
[channels] curlie_search: 200
[channels] startpage: 200
[channels] === Done ===
[hunt] 2026-06-29 10:06:23 → seo_content_factory.py
[hunt] 2026-06-29 10:06:23 → seo_content_factory.py
No new SEO pages (all published)
[hunt] 2026-06-29 10:06:24 → promote_autopilot.py
[hunt] 2026-06-29 10:06:24 → promote_autopilot.py
[promote] Promoting https://leopreciadov-bit.github.io/seller-tools
[promote] Google sitemap: HTTP 404
[promote] Bing sitemap: HTTP 410
[promote] IndexNow: HTTP 200
[promote] Bing IndexNow: HTTP 200
[promote] Yandex IndexNow: HTTP 200
[promote] Reddit already attempted — skip
[promote] Dev.to already attempted — skip
[promote] Done — see pipeline/promote-state.json
[hunt] 2026-06-29 10:06:25 → resubmit_indexnow.py
[hunt] 2026-06-29 10:06:25 → resubmit_indexnow.py
IndexNow 200
Built site/assets/crypto.js
Payout: BaZNTHB9DNBAq69WH2hv272LcYLJRiksBFfyKKmYdPxH (4 payment methods)
Wrote /root/agent-programs/passive-income-agent-program/site/sitemap.xml (41 URLs), /root/agent-programs/passive-income-agent-program/site/feed.xml, updated IndexNow
The following paths are ignored by one of your .gitignore files:
.venv
hint: Use -f if you really want to add them.
hint: Turn this message off by running
hint: "git config advice.addIgnoredFile false"
To https://github.com/leopreciadov-bit/seller-tools.git
   3f72648..5c6d580  main -> main
[hunt] 2026-06-29 10:06:27 cycle 2 done — buyer_sales=0
[hunt] 2026-06-29 10:06:27 cycle 2 done — buyer_sales=0
[hunt] 2026-06-29 10:10:47 START buyer_sales=0 interval=180s
[hunt] 2026-06-29 10:10:47 START buyer_sales=0 interval=180s
[hunt] 2026-06-29 10:10:47 → account_factory.py
[hunt] 2026-06-29 10:10:47 → account_factory.py
[hunt] 2026-06-29 10:10:47 → platform_retry.py
[hunt] 2026-06-29 10:10:47 → platform_retry.py
[platform] skip helio — backoff
[platform] skip reddit — backoff
[platform] skip gumroad — backoff
[hunt] 2026-06-29 10:10:47 → sales_innovate.py
[hunt] 2026-06-29 10:10:47 → sales_innovate.py
[innovate] === Sales innovate ===
[innovate] paste_ubuntu: https://paste.ubuntu.com/
[innovate] paste_debian: https://paste.debian.net/
[innovate] === Done ===
[hunt] 2026-06-29 10:10:56 → seo_content_factory.py
[hunt] 2026-06-29 10:10:56 → seo_content_factory.py
Published site/guides/how-to-rank-on-etsy-search.html
Published site/guides/etsy-seo-checklist-2026.html
Published site/guides/shopify-conversion-copy-tool.html
Published site/guides/etsy-title-too-short-fix.html
Published site/guides/bulk-etsy-listing-generator.html
Published site/guides/etsy-tag-stuffing-avoid.html
Published site/guides/long-tail-keywords-etsy-free.html
Published site/guides/handmade-jewelry-etsy-tags.html
[hunt] 2026-06-29 10:10:56 → sales_channels.py
[hunt] 2026-06-29 10:10:56 → sales_channels.py
[channels] === Sales channels ===
[channels] comparison_page: all_published
[channels] pingomatic_rss: 200
[channels] feedburner_ping: 404
[channels] rentry_deals: 200
[channels] paste_rs: 0
[channels] bpaste: 200
[channels] 0x0_st: 0
[channels] paste_ee: 401
[channels] github_repo: ok
[channels] github_release: ok
[channels] indiehackers: 200
[channels] curlie_search: 200
[channels] startpage: 200
[channels] === Done ===
[hunt] 2026-06-29 10:11:03 → build_sitemap.py
[hunt] 2026-06-29 10:11:03 → build_sitemap.py
Wrote /root/agent-programs/passive-income-agent-program/site/sitemap.xml (64 URLs), /root/agent-programs/passive-income-agent-program/site/feed.xml, updated IndexNow
[hunt] 2026-06-29 10:11:03 → advertise_other.py
[hunt] 2026-06-29 10:11:03 → advertise_other.py
[ads] === Advertise other channels ===
[ads] google_sitemap: 404
[ads] bing_sitemap: 410
[ads] pingomatic: 200
[ads] indexnow: 200
[ads] bing: 200
[ads] yandex: 200
[ads] seznam: 200
[ads] naver: 200
[ads] rentry_master: https://rentry.co/m45y6vpb
[ads] rentry: https://rentry.co/bk4vda6i
[ads] rentry: https://rentry.co/z88c3q8z
[ads] rentry: https://rentry.co/panig2hq
[ads] rentry: https://rentry.co/xv6xhhba
[ads] dpaste: 201
[ads] controlc: 400
[ads] gist_social: https://gist.github.com/leopreciadov-bit/321cc352ff305c333e85cfa1a20e804e
[ads] gist: https://gist.github.com/leopreciadov-bit/835da86f8286db52df9273179e45c204
[ads] gist: https://gist.github.com/leopreciadov-bit/3ae778efe605151a82b6e4a237a8f8dd
[ads] gist: https://gist.github.com/leopreciadov-bit/3b3430e62b051b972fdb395465e5d02f
[ads] github_discussion: https://github.com/leopreciadov-bit/seller-tools/discussions/68
[ads] github_discussion: https://github.com/leopreciadov-bit/seller-tools/discussions/69
[ads] github_discussion: https://github.com/leopreciadov-bit/seller-tools/discussions/70
[ads] github_issue_comment: ok
[ads] wayback: 200
[ads] wayback: error
[ads] wayback: 200
[ads] wayback: error
[ads] wayback: error
[ads] wayback: 200
[ads] wayback: 200
[ads] wayback: 200
[ads] github_wiki: error
[ads] bluesky: 400
[ads] hashnode: 404
[ads] slashdot: 200
[ads] === Done ===
[hunt] 2026-06-29 10:13:29 → promote_autopilot.py
[hunt] 2026-06-29 10:13:29 → promote_autopilot.py
[promote] Promoting https://leopreciadov-bit.github.io/seller-tools
[promote] Google sitemap: HTTP 404
[promote] Bing sitemap: HTTP 410
[promote] IndexNow: HTTP 200
[promote] Bing IndexNow: HTTP 200
[promote] Yandex IndexNow: HTTP 200
[promote] Reddit already attempted — skip
[promote] Dev.to already attempted — skip
[promote] Done — see pipeline/promote-state.json
[hunt] 2026-06-29 10:13:31 → reddit_publish.py
[hunt] 2026-06-29 10:13:31 → reddit_publish.py
Gist r/Etsy: https://gist.github.com/leopreciadov-bit/62d9607b48b41aec8137813c98a1de47
Gist r/shopify: https://gist.github.com/leopreciadov-bit/8c7423a624343338b12e7aa4e99b48ac
Gist r/SideProject: https://gist.github.com/leopreciadov-bit/2ef5fd126cc91ae94a05e8419071cabb
Gist r/InternetIsBeautiful: https://gist.github.com/leopreciadov-bit/f3800041df7f2bf9f7178a0823c45d7e
[promote] Promoting https://leopreciadov-bit.github.io/seller-tools
[promote] Google sitemap: HTTP 404
[promote] Bing sitemap: HTTP 410
[promote] IndexNow: HTTP 200
[promote] Bing IndexNow: HTTP 200
[promote] Yandex IndexNow: HTTP 200
[promote] Reddit already attempted — skip
[promote] Dev.to already attempted — skip
[promote] Done — see pipeline/promote-state.json
Reddit blocked (CAPTCHA). Content mirrored to Telegraph + Gists + search pings.
[hunt] 2026-06-29 10:13:40 → gumroad_launch.py
[hunt] 2026-06-29 10:13:40 → gumroad_launch.py
✓ ListingLab Pro — Unlimited Listing Generator: 50 keys → listinglab-pro-keys.txt
✓ Etsy Tag Finder Pro — 13 Perfect SEO Tags: 50 keys → etsy-tag-finder-pro-keys.txt
✓ Seller Kit — ListingLab Pro + Etsy Tag Finder Pro: 50 keys → seller-kit-bundle-keys.txt

Upload files ready in gumroad/upload/
Wrote site/assets/gumroad.js

No GUMROAD_ACCESS_TOKEN — manual create (see gumroad/COPY_PASTE_EVERYTHING.md)

Next: Gumroad → New Product → Digital → Content → License keys → upload txt from gumroad/upload/
[hunt] 2026-06-29 10:13:40 → check_sales.py
[hunt] 2026-06-29 10:13:40 → check_sales.py
[hunt] 2026-06-29 10:15:01 START buyer_sales=0 interval=60s
[hunt] 2026-06-29 10:15:01 START buyer_sales=0 interval=60s
[hunt] 2026-06-29 10:15:01 → account_factory.py
[hunt] 2026-06-29 10:15:01 → account_factory.py
[hunt] 2026-06-29 10:15:01 → platform_retry.py
[hunt] 2026-06-29 10:15:01 → platform_retry.py
[platform] skip helio — backoff
[platform] skip reddit — backoff
[platform] skip gumroad — backoff
[hunt] 2026-06-29 10:15:02 → sales_innovate.py
[hunt] 2026-06-29 10:15:02 → sales_innovate.py
[innovate] === Sales innovate ===
[innovate] paste_ubuntu: https://paste.ubuntu.com/
[innovate] paste_debian: https://paste.debian.net/
[innovate] === Done ===
[hunt] 2026-06-29 10:15:11 → seo_content_factory.py
[hunt] 2026-06-29 10:15:11 → seo_content_factory.py
Published site/guides/crochet-etsy-listing-generator.html
Published site/guides/vintage-clothing-etsy-seo.html
Published site/guides/everbee-alternative-free.html
Published site/guides/sale-samurai-alternative.html
Published site/guides/koalanda-alternative.html
Published site/guides/merch-titans-alternative.html
Published site/guides/etsy-rank-alternative.html
Published site/guides/cresta-alternative-etsy.html
[hunt] 2026-06-29 10:15:11 → sales_channels.py
[hunt] 2026-06-29 10:15:11 → sales_channels.py
[channels] === Sales channels ===
[channels] comparison_page: all_published
[channels] pingomatic_rss: 200
[channels] feedburner_ping: 404
[channels] rentry_deals: 200
[channels] paste_rs: 0
[channels] bpaste: 200
[channels] 0x0_st: 0
[channels] paste_ee: 401
[channels] github_repo: ok
[channels] github_release: ok
[channels] indiehackers: 200
[channels] curlie_search: 200
[channels] startpage: 200
[channels] === Done ===
[hunt] 2026-06-29 10:15:17 → build_sitemap.py
[hunt] 2026-06-29 10:15:17 → build_sitemap.py
Wrote /root/agent-programs/passive-income-agent-program/site/sitemap.xml (64 URLs), /root/agent-programs/passive-income-agent-program/site/feed.xml, updated IndexNow
[hunt] 2026-06-29 10:15:17 → advertise_other.py
[hunt] 2026-06-29 10:15:17 → advertise_other.py
[ads] === Advertise other channels ===
[ads] google_sitemap: 404
[ads] bing_sitemap: 410
[ads] pingomatic: 200
[ads] indexnow: 200
[ads] bing: 200
[ads] yandex: 200
[ads] seznam: 200
[ads] naver: 200
[ads] rentry_master: https://rentry.co/m9zozqc9
[ads] rentry: https://rentry.co/itc4rsg9
[ads] rentry: https://rentry.co/g6odxdk9
[ads] rentry: https://rentry.co/zagytmdp
[ads] rentry: https://rentry.co/83ub9s8n
[ads] dpaste: 201
[ads] controlc: 400
[ads] gist_social: https://gist.github.com/leopreciadov-bit/234aedda126fb7806155c4f6a49806c3
[ads] gist: https://gist.github.com/leopreciadov-bit/188abea625ca2521d48eec536e55f64a
[ads] gist: https://gist.github.com/leopreciadov-bit/c9da325aa1281b09c3d5d7ff20c017fd
[ads] gist: https://gist.github.com/leopreciadov-bit/6a48d73176fd6b7d28a5402d669315ed
[ads] github_discussion: https://github.com/leopreciadov-bit/seller-tools/discussions/77
[ads] github_discussion: https://github.com/leopreciadov-bit/seller-tools/discussions/78
[ads] github_discussion: https://github.com/leopreciadov-bit/seller-tools/discussions/79
[ads] github_issue_comment: ok
[ads] wayback: 200
[ads] wayback: error
[ads] wayback: error
[ads] wayback: error
[ads] wayback: error
[ads] wayback: error
[ads] wayback: error
[ads] wayback: 200
[ads] github_wiki: error
[ads] bluesky: 400
[ads] hashnode: 404
[ads] slashdot: 200
[ads] === Done ===
[hunt] 2026-06-29 10:17:30 → promote_autopilot.py
[hunt] 2026-06-29 10:17:30 → promote_autopilot.py
[promote] Promoting https://leopreciadov-bit.github.io/seller-tools
[promote] Google sitemap: HTTP 404
[promote] Bing sitemap: HTTP 410
[promote] IndexNow: HTTP 200
[promote] Bing IndexNow: HTTP 200
[promote] Yandex IndexNow: HTTP 200
[promote] Reddit already attempted — skip
[promote] Dev.to already attempted — skip
[promote] Done — see pipeline/promote-state.json
[hunt] 2026-06-29 10:17:32 → reddit_publish.py
[hunt] 2026-06-29 10:17:32 → reddit_publish.py
[promote] Promoting https://leopreciadov-bit.github.io/seller-tools
[promote] Google sitemap: HTTP 404
[promote] Bing sitemap: HTTP 410
[promote] IndexNow: HTTP 200
[promote] Bing IndexNow: HTTP 200
[promote] Yandex IndexNow: HTTP 200
[promote] Reddit already attempted — skip
[promote] Dev.to already attempted — skip
[promote] Done — see pipeline/promote-state.json
Gist r/Etsy: https://gist.github.com/leopreciadov-bit/0ed88e41ac0235350b6bf50d7d6a4aa0
Gist r/shopify: https://gist.github.com/leopreciadov-bit/be9c51d8ca0eed5e54e4aaa5eb0e0967
Gist r/SideProject: https://gist.github.com/leopreciadov-bit/8e6e0f4aa0dc602c6567db6773a735e0
Gist r/InternetIsBeautiful: https://gist.github.com/leopreciadov-bit/945da1c7cb519ad41a0d6b0d1acc57ca
Reddit blocked (CAPTCHA). Content mirrored to Telegraph + Gists + search pings.
[hunt] 2026-06-29 10:17:40 → gumroad_launch.py
[hunt] 2026-06-29 10:17:40 → gumroad_launch.py
✓ ListingLab Pro — Unlimited Listing Generator: 50 keys → listinglab-pro-keys.txt
✓ Etsy Tag Finder Pro — 13 Perfect SEO Tags: 50 keys → etsy-tag-finder-pro-keys.txt
✓ Seller Kit — ListingLab Pro + Etsy Tag Finder Pro: 50 keys → seller-kit-bundle-keys.txt

Upload files ready in gumroad/upload/
Wrote site/assets/gumroad.js

No GUMROAD_ACCESS_TOKEN — manual create (see gumroad/COPY_PASTE_EVERYTHING.md)

Next: Gumroad → New Product → Digital → Content → License keys → upload txt from gumroad/upload/
[hunt] 2026-06-29 10:17:40 → check_sales.py
[hunt] 2026-06-29 10:17:40 → check_sales.py
Wallet: BaZNTHB9DNBAq69WH2hv272LcYLJRiksBFfyKKmYdPxH
Successful txs (last 100): 39
Failed txs: 1
Confirmed sales: 0
Revenue (confirmed): $0.00
  (self-transfer $78.51 — excluded)
[hunt] 2026-06-29 10:19:03 → support_mail.py
[hunt] 2026-06-29 10:19:03 → support_mail.py
[support] Inbox: seller0ohqeu@web-library.net
[support] Checked 30 messages — 0 new buyer ticket(s)
[support] No buyer emails yet. Support inbox ready at seller0ohqeu@web-library.net
[hunt] 2026-06-29 10:19:05 zero buyer sales — double promotion
[hunt] 2026-06-29 10:19:05 zero buyer sales — double promotion
[hunt] 2026-06-29 10:19:05 → advertise_other.py
[hunt] 2026-06-29 10:19:05 → advertise_other.py
[ads] === Advertise other channels ===
[ads] google_sitemap: 404
[ads] bing_sitemap: 410
[ads] pingomatic: 200
[ads] indexnow: 200
[ads] bing: 200
[ads] yandex: 200
[ads] seznam: 200
[ads] naver: 200
[ads] rentry_master: https://rentry.co/wbhz72qv
[ads] rentry: https://rentry.co/74dsxxmr
[ads] rentry: https://rentry.co/9ii8gmgu
[ads] rentry: https://rentry.co/5tnqsx3h
[ads] rentry: https://rentry.co/m4ru5qa9
[ads] dpaste: 201
[ads] controlc: 400
[ads] gist_social: https://gist.github.com/leopreciadov-bit/e95e60e600d5d5091abe706e12a09797
[ads] gist: https://gist.github.com/leopreciadov-bit/4f4dc6787b9ef612d3dc49048cd0b9c5
[ads] gist: https://gist.github.com/leopreciadov-bit/9774fd746b0d3152594c47b0d72df553
[ads] gist: https://gist.github.com/leopreciadov-bit/17c5219000e7346cec6f62936f9ab36e
[ads] github_discussion: https://github.com/leopreciadov-bit/seller-tools/discussions/83
[ads] github_discussion: https://github.com/leopreciadov-bit/seller-tools/discussions/84
[ads] github_discussion: https://github.com/leopreciadov-bit/seller-tools/discussions/85
[ads] github_issue_comment: ok
[ads] wayback: 200
[ads] wayback: 200
[ads] wayback: 200
[ads] wayback: error
[ads] wayback: error
[ads] wayback: 200
[ads] wayback: error
[ads] wayback: 200
[ads] github_wiki: error
[ads] bluesky: 400
[ads] hashnode: 404
[ads] slashdot: 200
[ads] === Done ===
[hunt] 2026-06-29 10:21:59 → sales_innovate.py
[hunt] 2026-06-29 10:21:59 → sales_innovate.py
[innovate] === Sales innovate ===
[innovate] paste_ubuntu: https://paste.ubuntu.com/
[innovate] paste_debian: https://paste.debian.net/
[innovate] === Done ===
[hunt] 2026-06-29 10:22:08 → sales_channels.py
[hunt] 2026-06-29 10:22:08 → sales_channels.py
[channels] === Sales channels ===
[channels] comparison_page: all_published
[channels] pingomatic_rss: 200
[channels] feedburner_ping: 404
[channels] rentry_deals: 200
[channels] paste_rs: 0
[channels] bpaste: 200
[channels] 0x0_st: 0
[channels] paste_ee: 401
[channels] github_repo: ok
[channels] github_release: ok
[channels] indiehackers: 200
[channels] curlie_search: 200
[channels] startpage: 200
[channels] === Done ===
[hunt] 2026-06-29 10:22:14 → seo_content_factory.py
[hunt] 2026-06-29 10:22:14 → seo_content_factory.py
Published site/guides/shopify-dropshipping-seo-tool.html
Published site/guides/etsy-christmas-tags-generator.html
Published site/guides/etsy-wedding-tags-generator.html
Published site/guides/etsy-listing-not-selling.html
[hunt] 2026-06-29 10:22:14 → promote_autopilot.py
[hunt] 2026-06-29 10:22:14 → promote_autopilot.py
[promote] Promoting https://leopreciadov-bit.github.io/seller-tools
[promote] Google sitemap: HTTP 404
[promote] Bing sitemap: HTTP 410
[promote] IndexNow: HTTP 200
[promote] Bing IndexNow: HTTP 200
[promote] Yandex IndexNow: HTTP 200
[promote] Reddit already attempted — skip
[promote] Dev.to already attempted — skip
[promote] Done — see pipeline/promote-state.json
[hunt] 2026-06-29 10:22:16 → resubmit_indexnow.py
[hunt] 2026-06-29 10:22:16 → resubmit_indexnow.py
IndexNow 200
Built site/assets/crypto.js
Payout: BaZNTHB9DNBAq69WH2hv272LcYLJRiksBFfyKKmYdPxH (4 payment methods)
Wrote /root/agent-programs/passive-income-agent-program/site/sitemap.xml (66 URLs), /root/agent-programs/passive-income-agent-program/site/feed.xml, updated IndexNow
The following paths are ignored by one of your .gitignore files:
.venv
hint: Use -f if you really want to add them.
hint: Turn this message off by running
hint: "git config advice.addIgnoredFile false"
To https://github.com/leopreciadov-bit/seller-tools.git
   787531b..eb1af1e  main -> main
[hunt] 2026-06-29 10:22:18 cycle 3 done — buyer_sales=0
[hunt] 2026-06-29 10:22:18 cycle 3 done — buyer_sales=0
[hunt] 2026-06-29 10:23:18 → account_factory.py
[hunt] 2026-06-29 10:23:18 → account_factory.py
[hunt] 2026-06-29 10:23:18 → platform_retry.py
[hunt] 2026-06-29 10:23:18 → platform_retry.py
[platform] skip helio — backoff
[platform] retry kofi
grams/passive-income-agent-program/scripts/kofi_autopilot.py", line 61, in <module>
    main()
  File "/root/agent-programs/passive-income-agent-program/scripts/kofi_autopilot.py", line 22, in main
    from playwright.sync_api import sync_playwright
ModuleNotFoundError: No module named 'playwright'

[platform] skip reddit — backoff
[platform] skip gumroad — backoff
[hunt] 2026-06-29 10:23:19 → sales_innovate.py
[hunt] 2026-06-29 10:23:19 → sales_innovate.py
[innovate] === Sales innovate ===
[innovate] paste_ubuntu: https://paste.ubuntu.com/
[innovate] paste_debian: https://paste.debian.net/
[innovate] === Done ===
[hunt] 2026-06-29 10:23:27 → seo_content_factory.py
[hunt] 2026-06-29 10:23:27 → seo_content_factory.py
No new SEO pages (all published)
[hunt] 2026-06-29 10:23:28 → sales_channels.py
[hunt] 2026-06-29 10:23:28 → sales_channels.py
[channels] === Sales channels ===
[channels] comparison_page: all_published
[channels] pingomatic_rss: 200
[channels] feedburner_ping: 404
[channels] rentry_deals: 200
[channels] paste_rs: 0
[channels] bpaste: 200
[channels] 0x0_st: 0
[channels] paste_ee: 401
[channels] github_repo: ok
[channels] github_release: ok
[channels] indiehackers: 200
[channels] curlie_search: 200
[channels] startpage: 200
[channels] === Done ===
[hunt] 2026-06-29 10:23:34 → build_sitemap.py
[hunt] 2026-06-29 10:23:34 → build_sitemap.py
Wrote /root/agent-programs/passive-income-agent-program/site/sitemap.xml (66 URLs), /root/agent-programs/passive-income-agent-program/site/feed.xml, updated IndexNow
[hunt] 2026-06-29 10:23:34 → advertise_other.py
[hunt] 2026-06-29 10:23:34 → advertise_other.py
[ads] === Advertise other channels ===
[ads] google_sitemap: 404
[ads] bing_sitemap: 410
[ads] pingomatic: 200
[ads] indexnow: 200
[ads] bing: 200
[ads] yandex: 200
[ads] seznam: 200
[ads] naver: 200
[ads] rentry_master: https://rentry.co/6gfb3xrm
[ads] rentry: https://rentry.co/9hayysmy
[ads] rentry: https://rentry.co/6wkmdya6
[ads] rentry: https://rentry.co/ci7d972m
[ads] rentry: https://rentry.co/v24eestw
[ads] dpaste: 201
[ads] controlc: 400
[ads] gist_social: https://gist.github.com/leopreciadov-bit/421938b91e307a264b14c07a056b6659
[ads] gist: https://gist.github.com/leopreciadov-bit/f16d28aed65a6e4d0b6ee762034ca658
[ads] gist: https://gist.github.com/leopreciadov-bit/c832b9b0a4807b29b252d2a34be175f7
[ads] gist: https://gist.github.com/leopreciadov-bit/4e486087b99dff641a2c34a14e133abc
[ads] github_discussion: https://github.com/leopreciadov-bit/seller-tools/discussions/92
[ads] github_discussion: https://github.com/leopreciadov-bit/seller-tools/discussions/93
[ads] github_discussion: https://github.com/leopreciadov-bit/seller-tools/discussions/94
[ads] github_issue_comment: ok
[ads] wayback: 200
[ads] wayback: 200
[ads] wayback: error
[ads] wayback: error
[ads] wayback: error
[ads] wayback: 200
[ads] wayback: 200
[ads] wayback: 200
[ads] github_wiki: error
[ads] bluesky: 400
[ads] hashnode: 404
[ads] slashdot: 200
[ads] === Done ===
[hunt] 2026-06-29 10:26:25 → promote_autopilot.py
[hunt] 2026-06-29 10:26:25 → promote_autopilot.py
[promote] Promoting https://leopreciadov-bit.github.io/seller-tools
[promote] Google sitemap: HTTP 404
[promote] Bing sitemap: HTTP 410
[promote] IndexNow: HTTP 200
[promote] Bing IndexNow: HTTP 200
[promote] Yandex IndexNow: HTTP 200
[promote] Reddit already attempted — skip
[promote] Dev.to already attempted — skip
[promote] Done — see pipeline/promote-state.json
[hunt] 2026-06-29 10:26:27 → reddit_publish.py
[hunt] 2026-06-29 10:26:27 → reddit_publish.py
[promote] Promoting https://leopreciadov-bit.github.io/seller-tools
[promote] Google sitemap: HTTP 404
[promote] Bing sitemap: HTTP 410
[promote] IndexNow: HTTP 200
[promote] Bing IndexNow: HTTP 200
[promote] Yandex IndexNow: HTTP 200
[promote] Reddit already attempted — skip
[promote] Dev.to already attempted — skip
[promote] Done — see pipeline/promote-state.json
Telegraph r/Etsy: https://telegra.ph/I-built-two-free-tools-for-Etsy-sellers-listing-generator--13-tag-SEO-helper-rEtsy-06-29-10
Gist r/Etsy: https://gist.github.com/leopreciadov-bit/18ad461557df3ca4ad53a755d460c75f
Telegraph r/shopify: https://telegra.ph/Free-Shopify-product-listing-generator-titles-bullets-SEO-descriptions-rshopify-06-29-10
Gist r/shopify: https://gist.github.com/leopreciadov-bit/a69ff7d4441aa254f94012d4b0272791
Telegraph r/SideProject: https://telegra.ph/Side-project-free-EtsyShopify-listing-tools-browser-only-no-backend-rSideProject-06-29-10
Gist r/SideProject: https://gist.github.com/leopreciadov-bit/b91984faddf4d113218f8251b48fcbfb
Telegraph r/InternetIsBeautiful: https://telegra.ph/Website-Two-free-tools-that-write-your-Etsy-listings-and-13-SEO-tags-for-you-rInternetIsBeautiful-06-29-10
Gist r/InternetIsBeautiful: https://gist.github.com/leopreciadov-bit/4cc36193bca9db9c8f44f65f76f29477
Reddit blocked (CAPTCHA). Content mirrored to Telegraph + Gists + search pings.
[hunt] 2026-06-29 10:26:36 → gumroad_launch.py
[hunt] 2026-06-29 10:26:36 → gumroad_launch.py
✓ ListingLab Pro — Unlimited Listing Generator: 50 keys → listinglab-pro-keys.txt
✓ Etsy Tag Finder Pro — 13 Perfect SEO Tags: 50 keys → etsy-tag-finder-pro-keys.txt
✓ Seller Kit — ListingLab Pro + Etsy Tag Finder Pro: 50 keys → seller-kit-bundle-keys.txt

Upload files ready in gumroad/upload/
Wrote site/assets/gumroad.js

No GUMROAD_ACCESS_TOKEN — manual create (see gumroad/COPY_PASTE_EVERYTHING.md)

Next: Gumroad → New Product → Digital → Content → License keys → upload txt from gumroad/upload/
[hunt] 2026-06-29 10:26:36 → check_sales.py
[hunt] 2026-06-29 10:26:36 → check_sales.py
Wallet: BaZNTHB9DNBAq69WH2hv272LcYLJRiksBFfyKKmYdPxH
Successful txs (last 100): 39
Failed txs: 1
Confirmed sales: 0
Revenue (confirmed): $0.00
  (self-transfer $78.51 — excluded)
[hunt] 2026-06-29 10:28:00 → support_mail.py
[hunt] 2026-06-29 10:28:00 → support_mail.py
[support] Inbox: seller0ohqeu@web-library.net
[support] Checked 30 messages — 0 new buyer ticket(s)
[support] No buyer emails yet. Support inbox ready at seller0ohqeu@web-library.net
[hunt] 2026-06-29 10:28:01 zero buyer sales — double promotion
[hunt] 2026-06-29 10:28:01 zero buyer sales — double promotion
[hunt] 2026-06-29 10:28:01 → advertise_other.py
[hunt] 2026-06-29 10:28:01 → advertise_other.py
[ads] === Advertise other channels ===
[ads] google_sitemap: 404
[ads] bing_sitemap: 410
[ads] pingomatic: 200
[ads] indexnow: 200
[ads] bing: 200
[ads] yandex: 202
[ads] seznam: 200
[ads] naver: 200
[ads] telegraph: https://telegra.ph/Etsy-Chrome-Extension-free-06-29-2
[ads] telegraph: https://telegra.ph/Pro-lifetime-deals-14-29-06-29-5
[ads] telegraph: https://telegra.ph/Etsy-13-tag-generator-free-06-29-16
[ads] telegraph: https://telegra.ph/Shopify-listing-generator-06-29-16
[ads] telegraph: https://telegra.ph/Etsy-tag-SEO-guide-06-29-16
[ads] telegraph: https://telegra.ph/Listing-description-template-06-29-15
[ads] telegraph: https://telegra.ph/Shopify-product-SEO-guide-06-29-15
[ads] telegraph: https://telegra.ph/Free-Etsy-listing-generator-06-29-15
[ads] telegraph: https://telegra.ph/Best-free-Etsy-SEO-tools-06-29-15
[ads] rentry_master: https://rentry.co/yqarhqbz
[ads] rentry: https://rentry.co/btp2msqv
[ads] rentry: https://rentry.co/gzokuayv
[ads] rentry: https://rentry.co/b5izyyni
[ads] rentry: https://rentry.co/edn8q644
[ads] dpaste: 201
[ads] controlc: 400
[ads] gist_social: https://gist.github.com/leopreciadov-bit/df08b0f1f9e8c3a2f8f8cd1276c1f330
[ads] gist: https://gist.github.com/leopreciadov-bit/0f1a015902d790739619f14957761ec1
[ads] gist: https://gist.github.com/leopreciadov-bit/b674c155dbe724aeb4f97a5c97d28578
[ads] gist: https://gist.github.com/leopreciadov-bit/24365efc6d54ab6c71b95fcba0e0627c
[ads] github_discussion: https://github.com/leopreciadov-bit/seller-tools/discussions/98
[ads] github_discussion: https://github.com/leopreciadov-bit/seller-tools/discussions/99
[ads] github_discussion: https://github.com/leopreciadov-bit/seller-tools/discussions/100
[ads] github_issue_comment: ok
[ads] wayback: 200
[ads] wayback: 200
[ads] wayback: 200
[ads] wayback: 200
[ads] wayback: 200
[ads] wayback: 200
[ads] wayback: 200
[ads] wayback: 200
[ads] github_wiki: error
[ads] bluesky: 400
[ads] hashnode: 404
[ads] slashdot: 200
[ads] === Done ===
[hunt] 2026-06-29 10:30:17 → sales_innovate.py
[hunt] 2026-06-29 10:30:17 → sales_innovate.py
[innovate] === Sales innovate ===
[innovate] buyer_recovery: https://telegra.ph/Claim-your-ListingLab-Pro-license-key-06-29-4
[innovate] buyer_recovery: https://telegra.ph/Claim-your-ListingLab-Pro-license-key-06-29-5
[innovate] buyer_recovery: https://telegra.ph/Claim-your-Etsy-Tag-Finder-Pro-license-key-06-29-7
[innovate] telegraph_angle: https://telegra.ph/I-built-free-Etsy-listing-tools-no-signup-06-29
[innovate] paste_ubuntu: https://paste.ubuntu.com/
[innovate] paste_debian: https://paste.debian.net/
[innovate] === Done ===
[hunt] 2026-06-29 10:30:21 → sales_channels.py
[hunt] 2026-06-29 10:30:21 → sales_channels.py
[channels] === Sales channels ===
[channels] comparison_page: all_published
[channels] pingomatic_rss: 200
[channels] feedburner_ping: 404
[channels] rentry_deals: 200
[channels] paste_rs: 0
[channels] bpaste: 200
[channels] 0x0_st: 0
[channels] paste_ee: 401
[channels] github_repo: ok
[channels] github_release: error
[channels] indiehackers: 200
[channels] curlie_search: 200
[channels] startpage: 200
[channels] === Done ===
[hunt] 2026-06-29 10:30:27 → seo_content_factory.py
[hunt] 2026-06-29 10:30:27 → seo_content_factory.py
No new SEO pages (all published)
[hunt] 2026-06-29 10:30:27 → promote_autopilot.py
[hunt] 2026-06-29 10:30:27 → promote_autopilot.py
[promote] Promoting https://leopreciadov-bit.github.io/seller-tools
[promote] Google sitemap: HTTP 404
[promote] Bing sitemap: HTTP 410
[promote] IndexNow: HTTP 200
[promote] Bing IndexNow: HTTP 200
[promote] Yandex IndexNow: HTTP 200
[promote] Reddit already attempted — skip
[promote] Dev.to already attempted — skip
[promote] Done — see pipeline/promote-state.json
[hunt] 2026-06-29 10:30:29 → resubmit_indexnow.py
[hunt] 2026-06-29 10:30:29 → resubmit_indexnow.py
IndexNow 200
Built site/assets/crypto.js
Payout: BaZNTHB9DNBAq69WH2hv272LcYLJRiksBFfyKKmYdPxH (4 payment methods)
Wrote /root/agent-programs/passive-income-agent-program/site/sitemap.xml (66 URLs), /root/agent-programs/passive-income-agent-program/site/feed.xml, updated IndexNow
The following paths are ignored by one of your .gitignore files:
.venv
hint: Use -f if you really want to add them.
hint: Turn this message off by running
hint: "git config advice.addIgnoredFile false"
To https://github.com/leopreciadov-bit/seller-tools.git
   50e0636..39ec8d0  main -> main
[hunt] 2026-06-29 10:30:31 cycle 4 done — buyer_sales=0
[hunt] 2026-06-29 10:30:31 cycle 4 done — buyer_sales=0
[hunt] 2026-06-29 10:31:31 → account_factory.py
[hunt] 2026-06-29 10:31:31 → account_factory.py
[hunt] 2026-06-29 10:31:31 → platform_retry.py
[hunt] 2026-06-29 10:31:31 → platform_retry.py
[platform] skip helio — backoff
[platform] skip kofi — backoff
[platform] retry card
ams/passive-income-agent-program/scripts/card_autopilot.py", line 343, in <module>
    main()
  File "/root/agent-programs/passive-income-agent-program/scripts/card_autopilot.py", line 281, in main
    from playwright.sync_api import sync_playwright
ModuleNotFoundError: No module named 'playwright'

[platform] skip reddit — backoff
[platform] skip gumroad — backoff
[hunt] 2026-06-29 10:31:31 → sales_innovate.py
[hunt] 2026-06-29 10:31:31 → sales_innovate.py
[innovate] === Sales innovate ===
[innovate] telegraph_angle: https://telegra.ph/I-built-free-Etsy-listing-tools-no-signup-06-29-2
[innovate] paste_ubuntu: https://paste.ubuntu.com/
[innovate] paste_debian: https://paste.debian.net/
[innovate] === Done ===
[hunt] 2026-06-29 10:31:33 → seo_content_factory.py
[hunt] 2026-06-29 10:31:33 → seo_content_factory.py
No new SEO pages (all published)
[hunt] 2026-06-29 10:31:33 → sales_channels.py
[hunt] 2026-06-29 10:31:33 → sales_channels.py
[channels] === Sales channels ===
[channels] comparison_page: all_published
[channels] pingomatic_rss: 200
[channels] feedburner_ping: 404
[channels] rentry_deals: 200
[channels] paste_rs: 0
[channels] bpaste: 200
[channels] 0x0_st: 0
[channels] paste_ee: 401
[channels] github_repo: ok
[channels] github_release: ok
[channels] indiehackers: 200
[channels] curlie_search: 200
[channels] startpage: 200
[channels] === Done ===
[hunt] 2026-06-29 10:31:40 → build_sitemap.py
[hunt] 2026-06-29 10:31:40 → build_sitemap.py
Wrote /root/agent-programs/passive-income-agent-program/site/sitemap.xml (66 URLs), /root/agent-programs/passive-income-agent-program/site/feed.xml, updated IndexNow
[hunt] 2026-06-29 10:31:40 → advertise_other.py
[hunt] 2026-06-29 10:31:40 → advertise_other.py
[ads] === Advertise other channels ===
[ads] google_sitemap: 404
[ads] bing_sitemap: 410
[ads] pingomatic: 200
[ads] indexnow: 200
[ads] bing: 200
[ads] yandex: 200
[ads] seznam: 200
[ads] naver: 200
[ads] telegraph: https://telegra.ph/Etsy-Chrome-Extension-free-06-29-3
[ads] telegraph: https://telegra.ph/Pro-lifetime-deals-14-29-06-29-6
[ads] telegraph: https://telegra.ph/Etsy-13-tag-generator-free-06-29-17
[ads] telegraph: https://telegra.ph/Shopify-listing-generator-06-29-17
[ads] telegraph: https://telegra.ph/Etsy-tag-SEO-guide-06-29-17
[ads] telegraph: https://telegra.ph/Listing-description-template-06-29-16
[ads] telegraph: https://telegra.ph/Shopify-product-SEO-guide-06-29-16
[ads] telegraph: https://telegra.ph/Free-Etsy-listing-generator-06-29-16
[ads] telegraph: https://telegra.ph/Best-free-Etsy-SEO-tools-06-29-16
[ads] rentry_master: https://rentry.co/i3dgohva
[ads] rentry: https://rentry.co/dkcmdxav
[ads] rentry: https://rentry.co/eiwwibkz
[ads] rentry: https://rentry.co/oi2aut4m
[ads] rentry: https://rentry.co/cvr79sie
[ads] dpaste: 201
[ads] controlc: 400
[ads] gist_social: https://gist.github.com/leopreciadov-bit/a67fc6c97d64b0c4711ff502aeb560be
[ads] gist: https://gist.github.com/leopreciadov-bit/06850a707707446f6db2d46c461d892f
[ads] gist: https://gist.github.com/leopreciadov-bit/811da60c9d23ae348d924d6248b85cdd
[ads] gist: https://gist.github.com/leopreciadov-bit/f9b422841c7afdb7bf9cdaa21b6c930f
[ads] github_discussion: https://github.com/leopreciadov-bit/seller-tools/discussions/101
[ads] github_discussion: https://github.com/leopreciadov-bit/seller-tools/discussions/102
[ads] github_discussion: https://github.com/leopreciadov-bit/seller-tools/discussions/103
[ads] github_issue_comment: ok
[ads] wayback: 200
[ads] wayback: 200
[ads] wayback: 200
[ads] wayback: 200
[ads] wayback: 200
[ads] wayback: 200
[ads] wayback: error
[ads] wayback: 200
[ads] github_wiki: error
[ads] bluesky: 400
[ads] hashnode: 404
[ads] slashdot: 200
[ads] === Done ===
[hunt] 2026-06-29 10:33:22 → promote_autopilot.py
[hunt] 2026-06-29 10:33:22 → promote_autopilot.py
[promote] Promoting https://leopreciadov-bit.github.io/seller-tools
[promote] Google sitemap: HTTP 404
[promote] Bing sitemap: HTTP 410
[promote] IndexNow: HTTP 200
[promote] Bing IndexNow: HTTP 200
[promote] Yandex IndexNow: HTTP 200
[promote] Reddit already attempted — skip
[promote] Dev.to already attempted — skip
[promote] Done — see pipeline/promote-state.json
[hunt] 2026-06-29 10:33:24 → reddit_publish.py
[hunt] 2026-06-29 10:33:24 → reddit_publish.py
[promote] Promoting https://leopreciadov-bit.github.io/seller-tools
[promote] Google sitemap: HTTP 404
[promote] Bing sitemap: HTTP 410
[promote] IndexNow: HTTP 200
[promote] Bing IndexNow: HTTP 200
[promote] Yandex IndexNow: HTTP 200
[promote] Reddit already attempted — skip
[promote] Dev.to already attempted — skip
[promote] Done — see pipeline/promote-state.json
Telegraph r/Etsy: https://telegra.ph/I-built-two-free-tools-for-Etsy-sellers-listing-generator--13-tag-SEO-helper-rEtsy-06-29-11
Gist r/Etsy: https://gist.github.com/leopreciadov-bit/e0405df27d70450f0f69ea5c27e573f8
Telegraph r/shopify: https://telegra.ph/Free-Shopify-product-listing-generator-titles-bullets-SEO-descriptions-rshopify-06-29-11
Gist r/shopify: https://gist.github.com/leopreciadov-bit/1ca4324b40916782cd10a75295a8304b
Telegraph r/SideProject: https://telegra.ph/Side-project-free-EtsyShopify-listing-tools-browser-only-no-backend-rSideProject-06-29-11
Gist r/SideProject: https://gist.github.com/leopreciadov-bit/c69585d0e20bf9089908aaef6d267c8f
Telegraph r/InternetIsBeautiful: https://telegra.ph/Website-Two-free-tools-that-write-your-Etsy-listings-and-13-SEO-tags-for-you-rInternetIsBeautiful-06-29-11
Gist r/InternetIsBeautiful: https://gist.github.com/leopreciadov-bit/a0019addaa2c0bc55b46da5f4c1c0a44
Reddit blocked (CAPTCHA). Content mirrored to Telegraph + Gists + search pings.
[hunt] 2026-06-29 10:33:33 → gumroad_launch.py
[hunt] 2026-06-29 10:33:33 → gumroad_launch.py
✓ ListingLab Pro — Unlimited Listing Generator: 50 keys → listinglab-pro-keys.txt
✓ Etsy Tag Finder Pro — 13 Perfect SEO Tags: 50 keys → etsy-tag-finder-pro-keys.txt
✓ Seller Kit — ListingLab Pro + Etsy Tag Finder Pro: 50 keys → seller-kit-bundle-keys.txt

Upload files ready in gumroad/upload/
Wrote site/assets/gumroad.js

No GUMROAD_ACCESS_TOKEN — manual create (see gumroad/COPY_PASTE_EVERYTHING.md)

Next: Gumroad → New Product → Digital → Content → License keys → upload txt from gumroad/upload/
[hunt] 2026-06-29 10:33:33 → check_sales.py
[hunt] 2026-06-29 10:33:33 → check_sales.py
Wallet: BaZNTHB9DNBAq69WH2hv272LcYLJRiksBFfyKKmYdPxH
Successful txs (last 100): 39
Failed txs: 1
Confirmed sales: 0
Revenue (confirmed): $0.00
  (self-transfer $78.51 — excluded)
[hunt] 2026-06-29 10:34:56 → support_mail.py
[hunt] 2026-06-29 10:34:56 → support_mail.py
[support] Inbox: seller0ohqeu@web-library.net
[support] Checked 30 messages — 0 new buyer ticket(s)
[support] No buyer emails yet. Support inbox ready at seller0ohqeu@web-library.net
[hunt] 2026-06-29 10:34:58 → check_sales.py
[hunt] 2026-06-29 10:34:58 → check_sales.py

=== Wallet report: BaZNTHB9…mYdPxH ===

BUYER SALES:     0  ($0.00 direct sends)

YOUR TRADES:     1  (Drift/DeFi — not sales)
  · in $0.00 out $0.00  2026-06-28 04:55 UTC  35AaucQavGnA9CpYQDwr…

YOUR SWEEPS:     2  ($99.64 sent out)
  - $79.77 USDC  2026-06-28 05:31 UTC  21Z7rBmhL1vp2jXjhEaZ…
  - $19.87 USDC  2026-06-28 01:05 UTC  3JZeYNMbHWJ1zsp2Mas8…

Wallet: BaZNTHB9DNBAq69WH2hv272LcYLJRiksBFfyKKmYdPxH
Successful txs (last 100): 97
Failed txs: 3
Confirmed sales: 0
Revenue (confirmed): $0.00
  (self-transfer $78.51 — excluded)

--- Your trades vs buyer sales ---
[hunt] 2026-06-29 10:36:45 → wallet_report.py
[hunt] 2026-06-29 10:36:45 → wallet_report.py

=== Wallet report: BaZNTHB9…mYdPxH ===

BUYER SALES:     0  ($0.00 direct sends)

YOUR TRADES:     2  (Drift/DeFi — not sales)
  · in $0.00 out $0.00  2026-06-28 00:40 UTC  3UzCAzUmPaJMnWLDnYce…
  · in $0.00 out $0.00  2026-06-27 12:30 UTC  gVEAp4XbVMfXDG1Vzq2r…

YOUR SWEEPS:     0  ($0.00 sent out)

[hunt] 2026-06-29 10:37:06 zero buyer sales — double promotion
[hunt] 2026-06-29 10:37:06 zero buyer sales — double promotion
[hunt] 2026-06-29 10:37:06 → advertise_other.py
[hunt] 2026-06-29 10:37:06 → advertise_other.py
[ads] === Advertise other channels ===
[ads] google_sitemap: 404
[ads] bing_sitemap: 410
[ads] pingomatic: 200
[ads] indexnow: 200
[ads] bing: 200
[ads] yandex: 200
[ads] seznam: 200
[ads] naver: 200
[ads] telegraph: https://telegra.ph/Etsy-Chrome-Extension-free-06-29-6
[ads] telegraph: https://telegra.ph/Pro-lifetime-deals-14-29-06-29-9
[ads] telegraph: https://telegra.ph/Etsy-13-tag-generator-free-06-29-20
[ads] telegraph: https://telegra.ph/Shopify-listing-generator-06-29-20
[ads] telegraph: https://telegra.ph/Etsy-tag-SEO-guide-06-29-20
[ads] telegraph: https://telegra.ph/Listing-description-template-06-29-19
[ads] telegraph: https://telegra.ph/Shopify-product-SEO-guide-06-29-19
[ads] telegraph: https://telegra.ph/Free-Etsy-listing-generator-06-29-19
[ads] telegraph: https://telegra.ph/Best-free-Etsy-SEO-tools-06-29-19
[ads] rentry_master: https://rentry.co/9skrk2k3
[ads] rentry: https://rentry.co/cgrbvphu
[ads] rentry: https://rentry.co/evvvv3kg
[ads] rentry: https://rentry.co/da5shwqq
[ads] rentry: https://rentry.co/wk765atn
[ads] dpaste: 201
[ads] controlc: 400
[ads] gist_social: https://gist.github.com/leopreciadov-bit/d7d09fe530335fce20bf3886e36f96ab
[ads] gist: https://gist.github.com/leopreciadov-bit/43d82ff33135829a4228fc5c28a06ba6
[ads] gist: https://gist.github.com/leopreciadov-bit/94a892e8cf46dad0232a3a0a9d7e2194
[ads] gist: https://gist.github.com/leopreciadov-bit/0985d8bb1ec506b1c651b2e944a30253
[ads] github_discussion: https://github.com/leopreciadov-bit/seller-tools/discussions/110
[ads] github_discussion: https://github.com/leopreciadov-bit/seller-tools/discussions/111
[ads] github_discussion: https://github.com/leopreciadov-bit/seller-tools/discussions/112
[ads] github_issue_comment: ok
[ads] wayback: 200
[ads] wayback: 200
[ads] wayback: 200
[ads] wayback: 200
[ads] wayback: 200
[ads] wayback: 200
[ads] wayback: 200
[ads] wayback: 200
[ads] github_wiki: error
[ads] bluesky: 400
[ads] hashnode: 404
[ads] slashdot: 200
[ads] === Done ===
[hunt] 2026-06-29 10:38:51 → sales_innovate.py
[hunt] 2026-06-29 10:38:51 → sales_innovate.py
[innovate] === Sales innovate ===
[innovate] telegraph_angle: https://telegra.ph/Direct-buy--Etsy-Tag-Finder-Pro-14-06-29-2
[innovate] paste_ubuntu: https://paste.ubuntu.com/
[innovate] paste_debian: https://paste.debian.net/
[innovate] === Done ===
[hunt] 2026-06-29 10:38:53 → sales_channels.py
[hunt] 2026-06-29 10:38:53 → sales_channels.py
[channels] === Sales channels ===
[channels] comparison_page: all_published
[channels] pingomatic_rss: 200
[channels] feedburner_ping: 404
[channels] rentry_deals: 200
[channels] paste_rs: 0
[channels] bpaste: 200
[channels] 0x0_st: 0
[channels] paste_ee: 401
[channels] github_repo: ok
[channels] github_release: ok
[channels] indiehackers: 200
[channels] curlie_search: 200
[channels] startpage: 200
[channels] === Done ===
[hunt] 2026-06-29 10:39:01 → seo_content_factory.py
[hunt] 2026-06-29 10:39:01 → seo_content_factory.py
No new SEO pages (all published)
[hunt] 2026-06-29 10:39:01 → promote_autopilot.py
[hunt] 2026-06-29 10:39:01 → promote_autopilot.py
[promote] Promoting https://leopreciadov-bit.github.io/seller-tools
[promote] Google sitemap: HTTP 404
[promote] Bing sitemap: HTTP 410
[promote] IndexNow: HTTP 200
[promote] Bing IndexNow: HTTP 200
[promote] Yandex IndexNow: HTTP 200
[promote] Reddit already attempted — skip
[promote] Dev.to already attempted — skip
[promote] Done — see pipeline/promote-state.json
[hunt] 2026-06-29 10:39:03 → resubmit_indexnow.py
[hunt] 2026-06-29 10:39:03 → resubmit_indexnow.py
IndexNow 200
Built site/assets/crypto.js
Payout: BaZNTHB9DNBAq69WH2hv272LcYLJRiksBFfyKKmYdPxH (4 payment methods)
Wrote /root/agent-programs/passive-income-agent-program/site/sitemap.xml (66 URLs), /root/agent-programs/passive-income-agent-program/site/feed.xml, updated IndexNow
